<?xml version="1.0" encoding="UTF-8"?>
<!-- Generated by org.testng.reporters.JUnitReportReporter -->
<testsuite hostname="localhost" name="org.eclipse.microprofile.config.tck.CustomConfigSourceTest" tests="1" failures="0" timestamp="24 Jan 2018 14:45:54 GMT" time="0.016" errors="0">
  <testcase name="testConfigSourceProvider" time="0.016" classname="org.eclipse.microprofile.config.tck.CustomConfigSourceTest"/>
</testsuite> <!-- org.eclipse.microprofile.config.tck.CustomConfigSourceTest -->
