<?xml version="1.0" encoding="UTF-8"?>
<!-- Generated by org.testng.reporters.JUnitReportReporter -->
<testsuite hostname="localhost" name="org.eclipse.microprofile.config.tck.ConverterTest" tests="30" failures="0" timestamp="24 Jan 2018 14:45:54 GMT" time="0.468" errors="0">
  <testcase name="testOffsetDateTime_Broken" time="0.007" classname="org.eclipse.microprofile.config.tck.ConverterTest"/>
  <testcase name="testURLConverterBroken" time="0.011" classname="org.eclipse.microprofile.config.tck.ConverterTest"/>
  <testcase name="testDouble_Broken" time="0.009" classname="org.eclipse.microprofile.config.tck.ConverterTest"/>
  <testcase name="testDuration_Broken" time="0.010" classname="org.eclipse.microprofile.config.tck.ConverterTest"/>
  <testcase name="testOffsetTime" time="0.103" classname="org.eclipse.microprofile.config.tck.ConverterTest"/>
  <testcase name="testURLConverter" time="0.033" classname="org.eclipse.microprofile.config.tck.ConverterTest"/>
  <testcase name="testLocalTime_Broken" time="0.010" classname="org.eclipse.microprofile.config.tck.ConverterTest"/>
  <testcase name="testLocalDateTime" time="0.007" classname="org.eclipse.microprofile.config.tck.ConverterTest"/>
  <testcase name="testLocalTime" time="0.006" classname="org.eclipse.microprofile.config.tck.ConverterTest"/>
  <testcase name="testOffsetTime_Broken" time="0.006" classname="org.eclipse.microprofile.config.tck.ConverterTest"/>
  <testcase name="testFloat" time="0.007" classname="org.eclipse.microprofile.config.tck.ConverterTest"/>
  <testcase name="testDouble" time="0.009" classname="org.eclipse.microprofile.config.tck.ConverterTest"/>
  <testcase name="testInstant_Broken" time="0.008" classname="org.eclipse.microprofile.config.tck.ConverterTest"/>
  <testcase name="testlong" time="0.006" classname="org.eclipse.microprofile.config.tck.ConverterTest"/>
  <testcase name="testFloat_Broken" time="0.009" classname="org.eclipse.microprofile.config.tck.ConverterTest"/>
  <testcase name="testInstant" time="0.066" classname="org.eclipse.microprofile.config.tck.ConverterTest"/>
  <testcase name="testInt" time="0.005" classname="org.eclipse.microprofile.config.tck.ConverterTest"/>
  <testcase name="testInteger" time="0.006" classname="org.eclipse.microprofile.config.tck.ConverterTest"/>
  <testcase name="testOffsetDateTime" time="0.007" classname="org.eclipse.microprofile.config.tck.ConverterTest"/>
  <testcase name="testfloat" time="0.007" classname="org.eclipse.microprofile.config.tck.ConverterTest"/>
  <testcase name="testLocalDate_Broken" time="0.012" classname="org.eclipse.microprofile.config.tck.ConverterTest"/>
  <testcase name="testLong_Broken" time="0.006" classname="org.eclipse.microprofile.config.tck.ConverterTest"/>
  <testcase name="testBoolean" time="0.057" classname="org.eclipse.microprofile.config.tck.ConverterTest"/>
  <testcase name="testInteger_Broken" time="0.008" classname="org.eclipse.microprofile.config.tck.ConverterTest"/>
  <testcase name="testLong" time="0.009" classname="org.eclipse.microprofile.config.tck.ConverterTest"/>
  <testcase name="testDuration" time="0.010" classname="org.eclipse.microprofile.config.tck.ConverterTest"/>
  <testcase name="testdouble" time="0.007" classname="org.eclipse.microprofile.config.tck.ConverterTest"/>
  <testcase name="testLocalDateTime_Broken" time="0.008" classname="org.eclipse.microprofile.config.tck.ConverterTest"/>
  <testcase name="testCustomConverter" time="0.009" classname="org.eclipse.microprofile.config.tck.ConverterTest"/>
  <testcase name="testLocalDate" time="0.010" classname="org.eclipse.microprofile.config.tck.ConverterTest"/>
</testsuite> <!-- org.eclipse.microprofile.config.tck.ConverterTest -->
